<?xml version="1.0" encoding="UTF-8"?>
<!-- Generated by org.testng.reporters.JUnitReportReporter -->
<testsuite hostname="MacBookAir.lan" failures="0" tests="2" name="Projects.FacebookExample" time="10.825" errors="1" timestamp="2025-08-19T17:54:37 IST" skipped="0">
  <testcase classname="Projects.FacebookExample" name="loginTest" time="9.638"/>
  <testcase classname="Projects.FacebookExample" name="createPostTest" time="1.187">
    <error message="element click intercepted: Element &lt;path d=&quot;M12.496 5a4 4 0 1 1 8 0 4 4 0 0 1-8 0zm4-2a2 2 0 1 0 0 4 2 2 0 0 0 0-4zm-9 2.5a4 4 0 1 0 0 8 4 4 0 0 0 0-8zm-2 4a2 2 0 1 1 4 0 2 2 0 0 1-4 0zM5.5 15a5 5 0 0 0-5 5 3 3 0 0 0 3 3h8.006a3 3 0 0 0 3-3 5 5 0 0 0-5-5H5.5zm-3 5a3 3 0 0 1 3-3h4.006a3 3 0 0 1 3 3 1 1 0 0 1-1 1H3.5a1 1 0 0 1-1-1zm12-9.5a5.04 5.04 0 0 0-.37.014 1 1 0 0 0 .146 1.994c.074-.005.149-.008.224-.008h4.006a3 3 0 0 1 3 3 1 1 0 0 1-1 1h-3.398a1 1 0 1 0 0 2h3.398a3 3 0 0 0 3-3 5 5 0 0 0-5-5H14.5z&quot;&gt;&lt;/path&gt; is not clickable at point (720, 28). Other element would receive the click: &lt;svg viewBox=&quot;0 0 24 24&quot; width=&quot;24&quot; height=&quot;24&quot; fill=&quot;currentColor&quot; class=&quot;x14rh7hd x1lliihq x1tzjh5l x1k90msu x2h7rmj x1qfuztq&quot; style=&quot;--x-color: var(--secondary-icon);&quot;&gt;...&lt;/svg&gt;
  (Session info: chrome=139.0.7258.128)
Build info: version: &#039;4.35.0&#039;, revision: &#039;1c58e5028b&#039;
System info: os.name: &#039;Mac OS X&#039;, os.arch: &#039;aarch64&#039;, os.version: &#039;15.0.1&#039;, java.version: &#039;21.0.7&#039;
Driver info: org.openqa.selenium.chrome.ChromeDriver
Command: [ea39df94eee818f3bc2dc489401fc8ab, clickElement {id=f.6681E7251C2F3F7C2867B510224F7232.d.E8D311B9D5B3A4532F34F0C48933DF61.e.38}]
Capabilities {acceptInsecureCerts: false, browserName: chrome, browserVersion: 139.0.7258.128, chrome: {chromedriverVersion: 139.0.7258.68 (40ff94600b6e..., userDataDir: /var/folders/v3/kwyxtxws3hx...}, fedcm:accounts: true, goog:chromeOptions: {debuggerAddress: localhost:53901}, networkConnectionEnabled: false, pageLoadStrategy: normal, platformName: mac, proxy: Proxy(), se:cdp: ws://localhost:53901/devtoo..., se:cdpVersion: 139.0.7258.128, setWindowRect: true, strictFileInteractability: false, timeouts: {implicit: 0, pageLoad: 300000, script: 30000}, unhandledPromptBehavior: dismiss and notify, webauthn:extension:credBlob: true, webauthn:extension:largeBlob: true, webauthn:extension:minPinLength: true, webauthn:extension:prf: true, webauthn:virtualAuthenticators: true}
Element: [[ChromeDriver: chrome on mac (ea39df94eee818f3bc2dc489401fc8ab)] -&gt; xpath: /html[1]/body[1]/div[1]/div[1]/div[1]/div[1]/div[2]/div[4]/div[1]/div[1]/div[1]/ul[1]/li[2]/span[1]/div[1]/a[1]/span[1]/*[name()=&#039;svg&#039;][1]/*[name()=&#039;path&#039;][1]]
Session ID: ea39df94eee818f3bc2dc489401fc8ab" type="org.openqa.selenium.ElementClickInterceptedException">
      <![CDATA[org.openqa.selenium.ElementClickInterceptedException: element click intercepted: Element <path d="M12.496 5a4 4 0 1 1 8 0 4 4 0 0 1-8 0zm4-2a2 2 0 1 0 0 4 2 2 0 0 0 0-4zm-9 2.5a4 4 0 1 0 0 8 4 4 0 0 0 0-8zm-2 4a2 2 0 1 1 4 0 2 2 0 0 1-4 0zM5.5 15a5 5 0 0 0-5 5 3 3 0 0 0 3 3h8.006a3 3 0 0 0 3-3 5 5 0 0 0-5-5H5.5zm-3 5a3 3 0 0 1 3-3h4.006a3 3 0 0 1 3 3 1 1 0 0 1-1 1H3.5a1 1 0 0 1-1-1zm12-9.5a5.04 5.04 0 0 0-.37.014 1 1 0 0 0 .146 1.994c.074-.005.149-.008.224-.008h4.006a3 3 0 0 1 3 3 1 1 0 0 1-1 1h-3.398a1 1 0 1 0 0 2h3.398a3 3 0 0 0 3-3 5 5 0 0 0-5-5H14.5z"></path> is not clickable at point (720, 28). Other element would receive the click: <svg viewBox="0 0 24 24" width="24" height="24" fill="currentColor" class="x14rh7hd x1lliihq x1tzjh5l x1k90msu x2h7rmj x1qfuztq" style="--x-color: var(--secondary-icon);">...</svg>
  (Session info: chrome=139.0.7258.128)
Build info: version: '4.35.0', revision: '1c58e5028b'
System info: os.name: 'Mac OS X', os.arch: 'aarch64', os.version: '15.0.1', java.version: '21.0.7'
Driver info: org.openqa.selenium.chrome.ChromeDriver
Command: [ea39df94eee818f3bc2dc489401fc8ab, clickElement {id=f.6681E7251C2F3F7C2867B510224F7232.d.E8D311B9D5B3A4532F34F0C48933DF61.e.38}]
Capabilities {acceptInsecureCerts: false, browserName: chrome, browserVersion: 139.0.7258.128, chrome: {chromedriverVersion: 139.0.7258.68 (40ff94600b6e..., userDataDir: /var/folders/v3/kwyxtxws3hx...}, fedcm:accounts: true, goog:chromeOptions: {debuggerAddress: localhost:53901}, networkConnectionEnabled: false, pageLoadStrategy: normal, platformName: mac, proxy: Proxy(), se:cdp: ws://localhost:53901/devtoo..., se:cdpVersion: 139.0.7258.128, setWindowRect: true, strictFileInteractability: false, timeouts: {implicit: 0, pageLoad: 300000, script: 30000}, unhandledPromptBehavior: dismiss and notify, webauthn:extension:credBlob: true, webauthn:extension:largeBlob: true, webauthn:extension:minPinLength: true, webauthn:extension:prf: true, webauthn:virtualAuthenticators: true}
Element: [[ChromeDriver: chrome on mac (ea39df94eee818f3bc2dc489401fc8ab)] -> xpath: /html[1]/body[1]/div[1]/div[1]/div[1]/div[1]/div[2]/div[4]/div[1]/div[1]/div[1]/ul[1]/li[2]/span[1]/div[1]/a[1]/span[1]/*[name()='svg'][1]/*[name()='path'][1]]
Session ID: ea39df94eee818f3bc2dc489401fc8ab
at java.base/jdk.internal.reflect.DirectConstructorHandleAccessor.newInstance(DirectConstructorHandleAccessor.java:62)
at java.base/java.lang.reflect.Constructor.newInstanceWithCaller(Constructor.java:502)
at java.base/java.lang.reflect.Constructor.newInstance(Constructor.java:486)
at org.openqa.selenium.remote.ErrorCodec.decode(ErrorCodec.java:167)
at org.openqa.selenium.remote.codec.w3c.W3CHttpResponseCodec.decode(W3CHttpResponseCodec.java:138)
at org.openqa.selenium.remote.codec.w3c.W3CHttpResponseCodec.decode(W3CHttpResponseCodec.java:50)
at org.openqa.selenium.remote.HttpCommandExecutor.execute(HttpCommandExecutor.java:215)
at org.openqa.selenium.remote.service.DriverCommandExecutor.invokeExecute(DriverCommandExecutor.java:216)
at org.openqa.selenium.remote.service.DriverCommandExecutor.execute(DriverCommandExecutor.java:174)
at org.openqa.selenium.remote.RemoteWebDriver.execute(RemoteWebDriver.java:557)
at org.openqa.selenium.remote.RemoteWebElement.execute(RemoteWebElement.java:223)
at org.openqa.selenium.remote.RemoteWebElement.click(RemoteWebElement.java:76)
at Projects.FacebookExample.createPostTest(FacebookExample.java:50)
at java.base/jdk.internal.reflect.DirectMethodHandleAccessor.invoke(DirectMethodHandleAccessor.java:103)
at java.base/java.lang.reflect.Method.invoke(Method.java:580)
at org.testng.internal.invokers.MethodInvocationHelper.invokeMethod(MethodInvocationHelper.java:141)
at org.testng.internal.invokers.TestInvoker.invokeMethod(TestInvoker.java:687)
at org.testng.internal.invokers.TestInvoker.invokeTestMethod(TestInvoker.java:230)
at org.testng.internal.invokers.MethodRunner.runInSequence(MethodRunner.java:63)
at org.testng.internal.invokers.TestInvoker$MethodInvocationAgent.invoke(TestInvoker.java:995)
at org.testng.internal.invokers.TestInvoker.invokeTestMethods(TestInvoker.java:203)
at org.testng.internal.invokers.TestMethodWorker.invokeTestMethods(TestMethodWorker.java:154)
at org.testng.internal.invokers.TestMethodWorker.run(TestMethodWorker.java:134)
at java.base/java.util.ArrayList.forEach(ArrayList.java:1596)
at org.testng.TestRunner.privateRun(TestRunner.java:741)
at org.testng.TestRunner.run(TestRunner.java:616)
at org.testng.SuiteRunner.runTest(SuiteRunner.java:421)
at org.testng.SuiteRunner.runSequentially(SuiteRunner.java:413)
at org.testng.SuiteRunner.privateRun(SuiteRunner.java:373)
at org.testng.SuiteRunner.run(SuiteRunner.java:312)
at org.testng.SuiteRunnerWorker.runSuite(SuiteRunnerWorker.java:52)
at org.testng.SuiteRunnerWorker.run(SuiteRunnerWorker.java:95)
at org.testng.TestNG.runSuitesSequentially(TestNG.java:1274)
at org.testng.TestNG.runSuitesLocally(TestNG.java:1208)
at org.testng.TestNG.runSuites(TestNG.java:1112)
at org.testng.TestNG.run(TestNG.java:1079)
at org.testng.remote.AbstractRemoteTestNG.run(AbstractRemoteTestNG.java:115)
at org.testng.remote.RemoteTestNG.initAndRun(RemoteTestNG.java:293)
at org.testng.remote.RemoteTestNG.main(RemoteTestNG.java:91)
]]>
    </error>
  </testcase> <!-- createPostTest -->
</testsuite> <!-- Projects.FacebookExample -->
